<?xml version="1.0" encoding="utf-8"?><testsuites name="pytest tests"><testsuite name="pytest" errors="0" failures="0" skipped="0" tests="12" time="6.852" timestamp="2026-07-03T17:59:36.177982+00:00" hostname="agent-env-359ac1ef-91a1-42cc-b47e-6f4e83e73ab7"><testcase classname="tests.test_clipcut_backend.TestProjects" name="test_list_empty_or_ok" time="0.616" /><testcase classname="tests.test_clipcut_backend.TestAuth" name="test_login_admin" time="0.664" /><testcase classname="tests.test_clipcut_backend.TestProjects" name="test_upload_requires_auth" time="0.153" /><testcase classname="tests.test_clipcut_backend.TestAuth" name="test_login_invalid" time="0.392" /><testcase classname="tests.test_clipcut_backend.TestProjects" name="test_free_plan_rejects_4k" time="0.286" /><testcase classname="tests.test_clipcut_backend.TestAuth" name="test_me_unauthenticated" time="0.367" /><testcase classname="tests.test_clipcut_backend.TestProjects" name="test_full_upload_and_render_pipeline" time="5.055" /><testcase classname="tests.test_clipcut_backend.TestAuth" name="test_register_duplicate" time="1.522" /><testcase classname="tests.test_clipcut_backend.TestAuth" name="test_logout" time="1.104" /><testcase classname="tests.test_clipcut_backend.TestPlans" name="test_get_plans" time="0.303" /><testcase classname="tests.test_clipcut_backend.TestBilling" name="test_upgrade_plan" time="0.103" /><testcase classname="tests.test_clipcut_backend.TestBilling" name="test_upgrade_invalid" time="0.048" /></testsuite></testsuites>